[2017-10-17 12:43:06.326] [DEBUG] DCC - [CHAT SOKET-IO]-[SOKET:[KH6TIXCcYG0Zp_LXAAAA]]-[connection]
[2017-10-17 12:43:08.679] [DEBUG] DCC - [CHAT SOKET-IO]-[SOKET:[HryHR4p-jdB5_3FlAAAB]]-[connection]
[2017-10-17 12:44:08.226] [DEBUG] DCC - [CHAT SOKET-IO]-[SOKET:[HryHR4p-jdB5_3FlAAAB]]-[disconnect]
[2017-10-17 12:44:11.492] [DEBUG] DCC - [CHAT SOKET-IO]-[SOKET:[KH6TIXCcYG0Zp_LXAAAA]]-[disconnect]
[2017-10-17 12:44:23.986] [DEBUG] DCC - [CHAT SOKET-IO]-[SOKET:[1quwj-nnanyl2SpaAAAC]]-[connection]
[2017-10-17 12:44:24.011] [DEBUG] DCC - [CHAT SOKET-IO]-[SOKET:[1quwj-nnanyl2SpaAAAC]]-[addUser]
[2017-10-17 12:44:32.097] [DEBUG] DCC - [CHAT SOKET-IO]-[SOKET:[YtLfcHVOWdAxDd4VAAAD]]-[connection]
[2017-10-17 12:44:32.117] [DEBUG] DCC - [CHAT SOKET-IO]-[SOKET:[YtLfcHVOWdAxDd4VAAAD]]-[addUser]
[2017-10-17 12:44:33.236] [DEBUG] DCC - [CHAT SOKET-IO]-[SOKET:[YtLfcHVOWdAxDd4VAAAD]]-[getAllRooms]
[2017-10-17 12:44:35.571] [DEBUG] DCC - [CHAT SOKET-IO]-[SOKET:[YtLfcHVOWdAxDd4VAAAD]]-[getAllUsers]
[2017-10-17 12:44:40.911] [DEBUG] DCC - [CHAT SOKET-IO]-[SOKET:[YtLfcHVOWdAxDd4VAAAD]]-[sendMessage]-[room:GENERALto:ALL from:pedro message:hola]
[2017-10-17 12:44:54.940] [DEBUG] DCC - [CHAT SOKET-IO]-[SOKET:[1quwj-nnanyl2SpaAAAC]]-[sendMessage]-[room:GENERALto:ALL from:juan message:hola pedro]
[2017-10-17 12:44:56.467] [DEBUG] DCC - [CHAT SOKET-IO]-[SOKET:[1quwj-nnanyl2SpaAAAC]]-[getAllUsers]
[2017-10-17 12:45:10.399] [DEBUG] DCC - [CHAT SOKET-IO]-[SOKET:[1quwj-nnanyl2SpaAAAC]]-[sendMessage]-[room:GENERALto:juan from:juan message:hey]
[2017-10-17 12:45:20.319] [DEBUG] DCC - [CHAT SOKET-IO]-[SOKET:[1quwj-nnanyl2SpaAAAC]]-[sendMessage]-[room:GENERALto:pedro from:juan message:hey pedro]
[2017-10-17 12:46:15.761] [DEBUG] DCC - [CHAT SOKET-IO]-[SOKET:[1quwj-nnanyl2SpaAAAC]]-[getAllRooms]
[2017-10-17 12:46:22.282] [DEBUG] DCC - [CHAT SOKET-IO]-[SOKET:[1quwj-nnanyl2SpaAAAC]]-[createOrJoinRoom]-[vip]
[2017-10-17 12:46:25.115] [DEBUG] DCC - [CHAT SOKET-IO]-[SOKET:[1quwj-nnanyl2SpaAAAC]]-[getAllRooms]
[2017-10-17 12:46:28.249] [DEBUG] DCC - [CHAT SOKET-IO]-[SOKET:[YtLfcHVOWdAxDd4VAAAD]]-[getAllRooms]
[2017-10-17 12:46:30.310] [DEBUG] DCC - [CHAT SOKET-IO]-[SOKET:[YtLfcHVOWdAxDd4VAAAD]]-[createOrJoinRoom]-[vip]
[2017-10-17 12:46:30.312] [DEBUG] DCC - [CHAT SOKET-IO]-[SOKET:[YtLfcHVOWdAxDd4VAAAD]]-[getAllUsers]
[2017-10-17 12:46:36.937] [DEBUG] DCC - [CHAT SOKET-IO]-[SOKET:[YtLfcHVOWdAxDd4VAAAD]]-[sendMessage]-[room:vipto:ALL from:pedro message:hola]
[2017-10-17 12:46:43.874] [DEBUG] DCC - [CHAT SOKET-IO]-[SOKET:[1quwj-nnanyl2SpaAAAC]]-[createOrJoinRoom]-[GENERAL]
[2017-10-17 12:46:43.876] [DEBUG] DCC - [CHAT SOKET-IO]-[SOKET:[1quwj-nnanyl2SpaAAAC]]-[getAllUsers]
[2017-10-17 12:46:50.689] [DEBUG] DCC - [CHAT SOKET-IO]-[SOKET:[YtLfcHVOWdAxDd4VAAAD]]-[sendMessage]-[room:vipto:ALL from:pedro message:grrrrr]
[2017-10-17 12:47:03.209] [DEBUG] DCC - [CHAT SOKET-IO]-[SOKET:[YtLfcHVOWdAxDd4VAAAD]]-[sendMessage]-[room:vipto:ALL from:pedro message:rrrrrrrrrrrr]
[2017-10-17 12:47:06.604] [DEBUG] DCC - [CHAT SOKET-IO]-[SOKET:[1quwj-nnanyl2SpaAAAC]]-[createOrJoinRoom]-[vip]
[2017-10-17 12:47:06.606] [DEBUG] DCC - [CHAT SOKET-IO]-[SOKET:[1quwj-nnanyl2SpaAAAC]]-[getAllUsers]
[2017-10-17 12:47:12.113] [DEBUG] DCC - [CHAT SOKET-IO]-[SOKET:[YtLfcHVOWdAxDd4VAAAD]]-[sendMessage]-[room:vipto:ALL from:pedro message:yyyyyyyyyyyyy]
[2017-10-17 12:51:05.744] [DEBUG] DCC - [CHAT SOKET-IO]-[SOKET:[1quwj-nnanyl2SpaAAAC]]-[sendMessage]-[room:vipto:ALL from:juan message:gdfgfdg]
[2017-10-17 12:51:18.250] [DEBUG] DCC - [CHAT SOKET-IO]-[SOKET:[1quwj-nnanyl2SpaAAAC]]-[disconnect]
[2017-10-17 12:51:20.398] [DEBUG] DCC - [CHAT SOKET-IO]-[SOKET:[YtLfcHVOWdAxDd4VAAAD]]-[disconnect]
